2019-04-04 23:24:27,019 INFO c.a.i.r.ContactoRestController [http-nio-8083-exec-3] Solicitando todos los Contactos...
2019-04-04 23:24:27,173 INFO c.a.i.r.ContactoRestController [http-nio-8083-exec-3] Contactos retornados correctamente. HttpStatus: 200 OK
2019-04-04 23:25:12,382 WARN c.a.i.r.ContactoRestController [http-nio-8083-exec-5] ##Error al intentar dar de alta el contacto
2019-04-04 23:25:12,383 WARN c.a.i.r.ContactoRestController [http-nio-8083-exec-5] El campo 'numero' no puede estar vacio
2019-04-04 23:25:12,383 WARN c.a.i.r.ContactoRestController [http-nio-8083-exec-5] El campo 'nombre' no puede estar vacio
2019-04-04 23:25:12,384 WARN c.a.i.r.ContactoRestController [http-nio-8083-exec-5] ##
 ##HttpStatus: 400 BAD_REQUEST
2019-04-04 23:26:00,572 WARN c.a.i.r.ContactoRestController [http-nio-8083-exec-7] ##Error al intentar dar de alta el contacto
2019-04-04 23:26:00,572 WARN c.a.i.r.ContactoRestController [http-nio-8083-exec-7] El campo 'numero' no puede estar vacio
2019-04-04 23:26:00,572 WARN c.a.i.r.ContactoRestController [http-nio-8083-exec-7] ##
 ##HttpStatus: 400 BAD_REQUEST
2019-04-04 23:26:56,825 INFO c.a.i.r.ContactoRestController [http-nio-8083-exec-9] Buscando al contacto con ID: 1
2019-04-04 23:26:56,834 WARN c.a.i.r.ContactoRestController [http-nio-8083-exec-9] ##mensaje
2019-04-04 23:28:44,765 INFO c.a.i.r.ContactoRestController [http-nio-8083-exec-2] Buscando al contacto con ID: 1
2019-04-04 23:28:44,786 WARN c.a.i.r.ContactoRestController [http-nio-8083-exec-2] ##mensaje
2019-04-04 23:29:27,629 INFO c.a.i.r.ContactoRestController [http-nio-8083-exec-2] Buscando al contacto con ID: 1
2019-04-04 23:29:27,645 WARN c.a.i.r.ContactoRestController [http-nio-8083-exec-2] ##El contacto con ID: 1 no existe. HttpStatus: 404 NOT_FOUND
2019-04-04 23:32:28,281 INFO c.a.i.r.ContactoRestController [http-nio-8083-exec-6] Buscando al contacto con ID: 5
2019-04-04 23:32:28,285 WARN c.a.i.r.ContactoRestController [http-nio-8083-exec-6] ##El contacto con ID: 5 no existe. HttpStatus: 404 NOT_FOUND
2019-04-04 23:32:30,917 INFO c.a.i.r.ContactoRestController [http-nio-8083-exec-3] Buscando al contacto con ID: 10
2019-04-04 23:32:30,921 WARN c.a.i.r.ContactoRestController [http-nio-8083-exec-3] ##El contacto con ID: 10 no existe. HttpStatus: 404 NOT_FOUND
2019-04-04 23:33:03,582 INFO c.a.i.r.ContactoRestController [http-nio-8083-exec-7] Buscando al contacto con ID: 10
2019-04-04 23:33:03,585 WARN c.a.i.r.ContactoRestController [http-nio-8083-exec-7] ##El contacto con ID: 10 no existe. HttpStatus: 404 NOT_FOUND
2019-04-04 23:33:09,197 INFO c.a.i.r.ContactoRestController [http-nio-8083-exec-8] Contacto 'Lucas' creado correctamente
2019-04-04 23:33:21,833 INFO c.a.i.r.ContactoRestController [http-nio-8083-exec-9] Buscando al contacto con ID: 1
2019-04-04 23:33:21,841 INFO c.a.i.r.ContactoRestController [http-nio-8083-exec-9] Se encontro al contacto: Lucas. HttpStatus: 200 OK
2019-04-04 23:41:29,823 INFO c.a.i.r.ContactoRestController [http-nio-8083-exec-7] Buscando al contacto con ID: 1
2019-04-04 23:41:29,830 INFO c.a.i.r.ContactoRestController [http-nio-8083-exec-7] Se encontro al contacto: Lucas. HttpStatus: 200 OK
2019-04-04 23:43:35,824 INFO c.a.i.r.ContactoRestController [http-nio-8083-exec-10] Contacto 'Lucas' creado correctamente
2019-04-04 23:43:42,257 INFO c.a.i.r.ContactoRestController [http-nio-8083-exec-1] Buscando al contacto con ID: 2
2019-04-04 23:43:42,260 INFO c.a.i.r.ContactoRestController [http-nio-8083-exec-1] Se encontro al contacto: Lucas. HttpStatus: 200 OK
2019-04-04 23:43:58,016 INFO c.a.i.r.ContactoRestController [http-nio-8083-exec-4] Buscando al contacto con ID: 2
2019-04-04 23:43:58,020 INFO c.a.i.r.ContactoRestController [http-nio-8083-exec-4] Se encontro al contacto: Florencia. HttpStatus: 200 OK
2019-04-04 23:54:59,014 WARN c.a.i.r.ContactoRestController [http-nio-8083-exec-2] El contacto con ID: 2 no existe
2019-04-04 23:55:41,089 WARN c.a.i.r.ContactoRestController [http-nio-8083-exec-2] El contacto con ID: 2 que intenta actualizar no existe
